<?xml version="1.0" encoding="UTF-8"?>
<testsuite xmlns:xsi="http://www.w3.org/2001/XMLSchema-instance" xsi:noNamespaceSchemaLocation="https://maven.apache.org/surefire/maven-surefire-plugin/xsd/surefire-test-report.xsd" name="com.athhw.springboot003config.Springboot003ConfigApplicationTests" time="2.912" tests="2" errors="0" skipped="0" failures="0">
  <properties>
[...]
</properties>
  <testcase name="testHelloService" classname="com.athhw.springboot003config.Springboot003ConfigApplicationTests" time="0.243"/>
  <testcase name="contextLoads" classname="com.athhw.springboot003config.Springboot003ConfigApplicationTests" time="0.012"/>
</testsuite>